c:\users\chomik\desktop\projekt\arkanoid sfml\arkanoid sfml\debug\vc142.pdb
c:\users\chomik\desktop\projekt\arkanoid sfml\arkanoid sfml\debug\vc142.idb
c:\users\chomik\desktop\projekt\arkanoid sfml\arkanoid sfml\debug\main.obj
c:\users\chomik\desktop\projekt\arkanoid sfml\arkanoid sfml\debug\scene.obj
c:\users\chomik\desktop\projekt\arkanoid sfml\arkanoid sfml\debug\player.obj
c:\users\chomik\desktop\projekt\arkanoid sfml\arkanoid sfml\debug\ball.obj
c:\users\chomik\desktop\projekt\arkanoid sfml\arkanoid sfml\debug\blocks.obj
c:\users\chomik\desktop\projekt\arkanoid sfml\arkanoid sfml\debug\star.obj
c:\users\chomik\desktop\projekt\arkanoid sfml\arkanoid sfml\debug\animation.obj
c:\users\chomik\desktop\projekt\arkanoid sfml\arkanoid sfml\debug\animationa.obj
c:\users\chomik\desktop\projekt\arkanoid sfml\arkanoid sfml\debug\scene.nativecodeanalysis.xml
c:\users\chomik\desktop\projekt\arkanoid sfml\arkanoid sfml\debug\ball.nativecodeanalysis.xml
c:\users\chomik\desktop\projekt\arkanoid sfml\arkanoid sfml\debug\animationa.nativecodeanalysis.xml
c:\users\chomik\desktop\projekt\arkanoid sfml\arkanoid sfml\debug\player.nativecodeanalysis.xml
c:\users\chomik\desktop\projekt\arkanoid sfml\arkanoid sfml\debug\main.nativecodeanalysis.xml
c:\users\chomik\desktop\projekt\arkanoid sfml\arkanoid sfml\debug\animationb.obj
c:\users\chomik\desktop\projekt\arkanoid sfml\arkanoid sfml\debug\menu.obj
c:\users\chomik\desktop\projekt\arkanoid sfml\arkanoid sfml\debug\credits.obj
c:\users\chomik\desktop\projekt\arkanoid sfml\arkanoid sfml\debug\gamemenu.obj
c:\users\chomik\desktop\projekt\arkanoid sfml\arkanoid sfml\debug\server.obj
c:\users\chomik\desktop\projekt\arkanoid sfml\arkanoid sfml\debug\multiplayer.obj
c:\users\chomik\desktop\projekt\arkanoid sfml\arkanoid sfml\debug\app.obj
c:\users\chomik\desktop\projekt\arkanoid sfml\arkanoid sfml\debug\scorelist.obj
c:\users\chomik\desktop\projekt\arkanoid sfml\debug\arkanoid sfml.exe
c:\users\chomik\desktop\projekt\arkanoid sfml\debug\arkanoid sfml.ilk
c:\users\chomik\desktop\projekt\arkanoid sfml\debug\arkanoid sfml.pdb
c:\users\chomik\desktop\projekt\arkanoid sfml\arkanoid sfml\debug\animationb.nativecodeanalysis.xml
c:\users\chomik\desktop\projekt\arkanoid sfml\arkanoid sfml\debug\blocks.nativecodeanalysis.xml
c:\users\chomik\desktop\projekt\arkanoid sfml\arkanoid sfml\debug\arkanoid sfml.tlog\cl.command.1.tlog
c:\users\chomik\desktop\projekt\arkanoid sfml\arkanoid sfml\debug\arkanoid sfml.tlog\cl.read.1.tlog
c:\users\chomik\desktop\projekt\arkanoid sfml\arkanoid sfml\debug\arkanoid sfml.tlog\cl.write.1.tlog
c:\users\chomik\desktop\projekt\arkanoid sfml\arkanoid sfml\debug\arkanoid sfml.tlog\link.command.1.tlog
c:\users\chomik\desktop\projekt\arkanoid sfml\arkanoid sfml\debug\arkanoid sfml.tlog\link.read.1.tlog
c:\users\chomik\desktop\projekt\arkanoid sfml\arkanoid sfml\debug\arkanoid sfml.tlog\link.write.1.tlog
